Compiling the C compiler identification source file "CMakeCCompilerId.c" failed.
Compiler: /cygdrive/c/android-sdk/ndk/23.2.8568313/toolchains/llvm/prebuilt//bin/clang 
Build flags: -g;-DANDROID;-fdata-sections;-ffunction-sections;-funwind-tables;-fstack-protector-strong;-no-canonical-prefixes;-D_FORTIFY_SOURCE=2;-Wformat;-Werror=format-security;
Id flags: -c;--target=x86_64-none-linux-android30 

The output was:
No such file or directory


Compiling the C compiler identification source file "CMakeCCompilerId.c" failed.
Compiler: /cygdrive/c/android-sdk/ndk/23.2.8568313/toolchains/llvm/prebuilt//bin/clang 
Build flags: -g;-DANDROID;-fdata-sections;-ffunction-sections;-funwind-tables;-fstack-protector-strong;-no-canonical-prefixes;-D_FORTIFY_SOURCE=2;-Wformat;-Werror=format-security;
Id flags:  

The output was:
No such file or directory


Compiling the C compiler identification source file "CMakeCCompilerId.c" failed.
Compiler: /cygdrive/c/android-sdk/ndk/23.2.8568313/toolchains/llvm/prebuilt//bin/clang 
Build flags: -g;-DANDROID;-fdata-sections;-ffunction-sections;-funwind-tables;-fstack-protector-strong;-no-canonical-prefixes;-D_FORTIFY_SOURCE=2;-Wformat;-Werror=format-security;
Id flags: -c 

The output was:
No such file or directory


Compiling the C compiler identification source file "CMakeCCompilerId.c" failed.
Compiler: /cygdrive/c/android-sdk/ndk/23.2.8568313/toolchains/llvm/prebuilt//bin/clang 
Build flags: -g;-DANDROID;-fdata-sections;-ffunction-sections;-funwind-tables;-fstack-protector-strong;-no-canonical-prefixes;-D_FORTIFY_SOURCE=2;-Wformat;-Werror=format-security;
Id flags: -Aa 

The output was:
No such file or directory


Compiling the C compiler identification source file "CMakeCCompilerId.c" failed.
Compiler: /cygdrive/c/android-sdk/ndk/23.2.8568313/toolchains/llvm/prebuilt//bin/clang 
Build flags: -g;-DANDROID;-fdata-sections;-ffunction-sections;-funwind-tables;-fstack-protector-strong;-no-canonical-prefixes;-D_FORTIFY_SOURCE=2;-Wformat;-Werror=format-security;
Id flags: -D__CLASSIC_C__ 

The output was:
No such file or directory


Compiling the C compiler identification source file "CMakeCCompilerId.c" failed.
Compiler: /cygdrive/c/android-sdk/ndk/23.2.8568313/toolchains/llvm/prebuilt//bin/clang 
Build flags: -g;-DANDROID;-fdata-sections;-ffunction-sections;-funwind-tables;-fstack-protector-strong;-no-canonical-prefixes;-D_FORTIFY_SOURCE=2;-Wformat;-Werror=format-security;
Id flags: --target=arm-arm-none-eabi;-mcpu=cortex-m3 

The output was:
No such file or directory


Compiling the C compiler identification source file "CMakeCCompilerId.c" failed.
Compiler: /cygdrive/c/android-sdk/ndk/23.2.8568313/toolchains/llvm/prebuilt//bin/clang 
Build flags: -g;-DANDROID;-fdata-sections;-ffunction-sections;-funwind-tables;-fstack-protector-strong;-no-canonical-prefixes;-D_FORTIFY_SOURCE=2;-Wformat;-Werror=format-security;
Id flags: -c;-I__does_not_exist__ 

The output was:
No such file or directory


Compiling the C compiler identification source file "CMakeCCompilerId.c" failed.
Compiler: /cygdrive/c/android-sdk/ndk/23.2.8568313/toolchains/llvm/prebuilt//bin/clang 
Build flags: 
Id flags: -c;--target=x86_64-none-linux-android30 

The output was:
No such file or directory


Compiling the C compiler identification source file "CMakeCCompilerId.c" failed.
Compiler: /cygdrive/c/android-sdk/ndk/23.2.8568313/toolchains/llvm/prebuilt//bin/clang 
Build flags: 
Id flags:  

The output was:
No such file or directory


Compiling the C compiler identification source file "CMakeCCompilerId.c" failed.
Compiler: /cygdrive/c/android-sdk/ndk/23.2.8568313/toolchains/llvm/prebuilt//bin/clang 
Build flags: 
Id flags: -c 

The output was:
No such file or directory


Compiling the C compiler identification source file "CMakeCCompilerId.c" failed.
Compiler: /cygdrive/c/android-sdk/ndk/23.2.8568313/toolchains/llvm/prebuilt//bin/clang 
Build flags: 
Id flags: -Aa 

The output was:
No such file or directory


Compiling the C compiler identification source file "CMakeCCompilerId.c" failed.
Compiler: /cygdrive/c/android-sdk/ndk/23.2.8568313/toolchains/llvm/prebuilt//bin/clang 
Build flags: 
Id flags: -D__CLASSIC_C__ 

The output was:
No such file or directory


Compiling the C compiler identification source file "CMakeCCompilerId.c" failed.
Compiler: /cygdrive/c/android-sdk/ndk/23.2.8568313/toolchains/llvm/prebuilt//bin/clang 
Build flags: 
Id flags: --target=arm-arm-none-eabi;-mcpu=cortex-m3 

The output was:
No such file or directory


Compiling the C compiler identification source file "CMakeCCompilerId.c" failed.
Compiler: /cygdrive/c/android-sdk/ndk/23.2.8568313/toolchains/llvm/prebuilt//bin/clang 
Build flags: 
Id flags: -c;-I__does_not_exist__ 

The output was:
No such file or directory


Checking whether the C compiler is IAR using "" did not match "IAR .+ Compiler":
Checking whether the C compiler is IAR using "" did not match "IAR .+ Compiler":
Compiling the CXX compiler identification source file "CMakeCXXCompilerId.cpp" failed.
Compiler: /cygdrive/c/android-sdk/ndk/23.2.8568313/toolchains/llvm/prebuilt//bin/clang++ 
Build flags: -g;-DANDROID;-fdata-sections;-ffunction-sections;-funwind-tables;-fstack-protector-strong;-no-canonical-prefixes;-D_FORTIFY_SOURCE=2;-Wformat;-Werror=format-security;;
Id flags: -c;--target=x86_64-none-linux-android30 

The output was:
No such file or directory


Compiling the CXX compiler identification source file "CMakeCXXCompilerId.cpp" failed.
Compiler: /cygdrive/c/android-sdk/ndk/23.2.8568313/toolchains/llvm/prebuilt//bin/clang++ 
Build flags: -g;-DANDROID;-fdata-sections;-ffunction-sections;-funwind-tables;-fstack-protector-strong;-no-canonical-prefixes;-D_FORTIFY_SOURCE=2;-Wformat;-Werror=format-security;;
Id flags:  

The output was:
No such file or directory


Compiling the CXX compiler identification source file "CMakeCXXCompilerId.cpp" failed.
Compiler: /cygdrive/c/android-sdk/ndk/23.2.8568313/toolchains/llvm/prebuilt//bin/clang++ 
Build flags: -g;-DANDROID;-fdata-sections;-ffunction-sections;-funwind-tables;-fstack-protector-strong;-no-canonical-prefixes;-D_FORTIFY_SOURCE=2;-Wformat;-Werror=format-security;;
Id flags: -c 

The output was:
No such file or directory


Compiling the CXX compiler identification source file "CMakeCXXCompilerId.cpp" failed.
Compiler: /cygdrive/c/android-sdk/ndk/23.2.8568313/toolchains/llvm/prebuilt//bin/clang++ 
Build flags: -g;-DANDROID;-fdata-sections;-ffunction-sections;-funwind-tables;-fstack-protector-strong;-no-canonical-prefixes;-D_FORTIFY_SOURCE=2;-Wformat;-Werror=format-security;;
Id flags: --c++ 

The output was:
No such file or directory


Compiling the CXX compiler identification source file "CMakeCXXCompilerId.cpp" failed.
Compiler: /cygdrive/c/android-sdk/ndk/23.2.8568313/toolchains/llvm/prebuilt//bin/clang++ 
Build flags: -g;-DANDROID;-fdata-sections;-ffunction-sections;-funwind-tables;-fstack-protector-strong;-no-canonical-prefixes;-D_FORTIFY_SOURCE=2;-Wformat;-Werror=format-security;;
Id flags: --ec++ 

The output was:
No such file or directory


Compiling the CXX compiler identification source file "CMakeCXXCompilerId.cpp" failed.
Compiler: /cygdrive/c/android-sdk/ndk/23.2.8568313/toolchains/llvm/prebuilt//bin/clang++ 
Build flags: -g;-DANDROID;-fdata-sections;-ffunction-sections;-funwind-tables;-fstack-protector-strong;-no-canonical-prefixes;-D_FORTIFY_SOURCE=2;-Wformat;-Werror=format-security;;
Id flags: --target=arm-arm-none-eabi;-mcpu=cortex-m3 

The output was:
No such file or directory


Compiling the CXX compiler identification source file "CMakeCXXCompilerId.cpp" failed.
Compiler: /cygdrive/c/android-sdk/ndk/23.2.8568313/toolchains/llvm/prebuilt//bin/clang++ 
Build flags: -g;-DANDROID;-fdata-sections;-ffunction-sections;-funwind-tables;-fstack-protector-strong;-no-canonical-prefixes;-D_FORTIFY_SOURCE=2;-Wformat;-Werror=format-security;;
Id flags: -c;-I__does_not_exist__ 

The output was:
No such file or directory


Compiling the CXX compiler identification source file "CMakeCXXCompilerId.cpp" failed.
Compiler: /cygdrive/c/android-sdk/ndk/23.2.8568313/toolchains/llvm/prebuilt//bin/clang++ 
Build flags: 
Id flags: -c;--target=x86_64-none-linux-android30 

The output was:
No such file or directory


Compiling the CXX compiler identification source file "CMakeCXXCompilerId.cpp" failed.
Compiler: /cygdrive/c/android-sdk/ndk/23.2.8568313/toolchains/llvm/prebuilt//bin/clang++ 
Build flags: 
Id flags:  

The output was:
No such file or directory


Compiling the CXX compiler identification source file "CMakeCXXCompilerId.cpp" failed.
Compiler: /cygdrive/c/android-sdk/ndk/23.2.8568313/toolchains/llvm/prebuilt//bin/clang++ 
Build flags: 
Id flags: -c 

The output was:
No such file or directory


Compiling the CXX compiler identification source file "CMakeCXXCompilerId.cpp" failed.
Compiler: /cygdrive/c/android-sdk/ndk/23.2.8568313/toolchains/llvm/prebuilt//bin/clang++ 
Build flags: 
Id flags: --c++ 

The output was:
No such file or directory


Compiling the CXX compiler identification source file "CMakeCXXCompilerId.cpp" failed.
Compiler: /cygdrive/c/android-sdk/ndk/23.2.8568313/toolchains/llvm/prebuilt//bin/clang++ 
Build flags: 
Id flags: --ec++ 

The output was:
No such file or directory


Compiling the CXX compiler identification source file "CMakeCXXCompilerId.cpp" failed.
Compiler: /cygdrive/c/android-sdk/ndk/23.2.8568313/toolchains/llvm/prebuilt//bin/clang++ 
Build flags: 
Id flags: --target=arm-arm-none-eabi;-mcpu=cortex-m3 

The output was:
No such file or directory


Compiling the CXX compiler identification source file "CMakeCXXCompilerId.cpp" failed.
Compiler: /cygdrive/c/android-sdk/ndk/23.2.8568313/toolchains/llvm/prebuilt//bin/clang++ 
Build flags: 
Id flags: -c;-I__does_not_exist__ 

The output was:
No such file or directory


Checking whether the CXX compiler is IAR using "" did not match "IAR .+ Compiler":
Checking whether the CXX compiler is IAR using "" did not match "IAR .+ Compiler":
